[2025-04-23T02:53:06Z [37mINFO[0m case100] Logging harness setup
[2025-04-23T02:53:06Z [37mINFO[0m case100::devices] Device array contents: {2147483666: 0, 2147483667: 0, 2147483664: 0, 2147483665: 0}
[2025-04-23T02:53:06Z [37mINFO[0m case100::devices] Device array contents: {2147483666: 0, 2147483667: 0, 2147483664: 0, 2147483651: 1, 2147483652: 1, 2147483665: 0}
[2025-04-23T02:53:06Z [37mINFO[0m case100::devices] Device array contents: {2147483667: 0, 2147483746: 2, 2147483651: 1, 2147483747: 2, 2147483749: 2, 2147483750: 2, 2147483666: 0, 2147483744: 2, 2147483652: 1, 2147483664: 0, 2147483745: 2, 2147483748: 2, 2147483665: 0}
[2025-04-23T02:53:06Z [37mINFO[0m case100::devices] Device array contents: {2147483682: 3, 2147483667: 0, 2147483746: 2, 2147483651: 1, 2147483681: 3, 2147483748: 2, 2147483652: 1, 2147483665: 0, 2147483747: 2, 2147483750: 2, 2147483749: 2, 2147483666: 0, 2147483744: 2, 2147483664: 0, 2147483745: 2, 2147483680: 3}
[2025-04-23T02:53:06Z [37mINFO[0m case100::devices::kbd] kbd awaiting notification
[2025-04-23T02:53:06Z [37mINFO[0m case100] tui loop start
[2025-04-23T02:53:07Z [37mINFO[0m case100::sdlcore] Starting SDL process
[2025-04-23T02:53:08Z [37mINFO[0m case100] tui loop start
[2025-04-23T02:53:08Z [37mINFO[0m case100] tui loop start
[2025-04-23T02:53:08Z [37mINFO[0m case100] tui loop start
[2025-04-23T02:53:09Z [37mINFO[0m case100] tui loop start
[2025-04-23T02:53:09Z [37mDEBUG[0m case100] awaiting stoppage of executor
[2025-04-23T02:53:09Z [37mDEBUG[0m case100] executor stopped successfully, lock acquired
[2025-04-23T02:53:09Z [37mINFO[0m case100] tui loop start
[2025-04-23T02:53:09Z [37mINFO[0m case100] tui loop start
[2025-04-23T02:53:09Z [37mINFO[0m case100::devices::vga] Sending draw command
[2025-04-23T02:53:09Z [37mINFO[0m case100::sdlcore] Received draw command 0 0 -- 639 479 (16777215)
[2025-04-23T02:53:09Z [37mINFO[0m case100] tui loop start
[2025-04-23T02:53:11Z [37mINFO[0m case100::sdlcore] Key pressed Q
[2025-04-23T02:53:11Z [37mINFO[0m case100] Key event changed
[2025-04-23T02:53:11Z [37mINFO[0m case100::sdlcore] Key released Q
[2025-04-23T02:53:11Z [37mINFO[0m case100] Key event changed
[2025-04-23T02:53:11Z [37mINFO[0m case100::sdlcore] Key pressed Q
[2025-04-23T02:53:11Z [37mINFO[0m case100] Key event changed
[2025-04-23T02:53:11Z [37mINFO[0m case100::sdlcore] Key released Q
[2025-04-23T02:53:11Z [37mINFO[0m case100] Key event changed
[2025-04-23T02:53:11Z [37mINFO[0m case100::sdlcore] Key pressed Q
[2025-04-23T02:53:11Z [37mINFO[0m case100] Key event changed
[2025-04-23T02:53:11Z [37mINFO[0m case100::sdlcore] Key released Q
[2025-04-23T02:53:11Z [37mINFO[0m case100] Key event changed
[2025-04-23T02:53:11Z [37mINFO[0m case100] Acquiring guard for death
[2025-04-23T02:53:11Z [37mINFO[0m case100::devices::kbd] kbd received notification
[2025-04-23T02:53:11Z [37mINFO[0m case100] Death guard acquired
[2025-04-23T02:53:11Z [37mINFO[0m case100::devices::kbd] kbd awaiting notification
[2025-04-23T02:53:26Z [37mINFO[0m case100] Logging harness setup
[2025-04-23T02:53:26Z [37mINFO[0m case100::devices] Device array contents: {2147483665: 0, 2147483667: 0, 2147483664: 0, 2147483666: 0}
[2025-04-23T02:53:26Z [37mINFO[0m case100::devices] Device array contents: {2147483665: 0, 2147483667: 0, 2147483664: 0, 2147483666: 0, 2147483651: 1, 2147483652: 1}
[2025-04-23T02:53:26Z [37mINFO[0m case100::devices] Device array contents: {2147483667: 0, 2147483747: 2, 2147483664: 0, 2147483746: 2, 2147483666: 0, 2147483748: 2, 2147483749: 2, 2147483665: 0, 2147483745: 2, 2147483750: 2, 2147483651: 1, 2147483652: 1, 2147483744: 2}
[2025-04-23T02:53:26Z [37mINFO[0m case100::devices] Device array contents: {2147483667: 0, 2147483747: 2, 2147483664: 0, 2147483666: 0, 2147483681: 3, 2147483749: 2, 2147483680: 3, 2147483745: 2, 2147483652: 1, 2147483744: 2, 2147483746: 2, 2147483682: 3, 2147483748: 2, 2147483665: 0, 2147483750: 2, 2147483651: 1}
[2025-04-23T02:53:26Z [37mINFO[0m case100::devices::kbd] kbd awaiting notification
[2025-04-23T02:53:26Z [37mINFO[0m case100] tui loop start
[2025-04-23T02:53:26Z [37mINFO[0m case100::sdlcore] Starting SDL process
[2025-04-23T02:53:27Z [37mINFO[0m case100] tui loop start
[2025-04-23T02:53:27Z [37mINFO[0m case100] tui loop start
[2025-04-23T02:53:28Z [37mINFO[0m case100] tui loop start
[2025-04-23T02:53:28Z [37mINFO[0m case100] tui loop start
[2025-04-23T02:53:28Z [37mDEBUG[0m case100] awaiting stoppage of executor
[2025-04-23T02:53:28Z [37mDEBUG[0m case100] executor stopped successfully, lock acquired
[2025-04-23T02:53:28Z [37mINFO[0m case100] tui loop start
[2025-04-23T02:53:28Z [37mINFO[0m case100] tui loop start
[2025-04-23T02:53:28Z [37mINFO[0m case100::devices::vga] Sending draw command
[2025-04-23T02:53:28Z [37mINFO[0m case100::sdlcore] Received draw command 0 0 -- 639 479 (16777215)
[2025-04-23T02:53:30Z [37mINFO[0m case100::sdlcore] Key pressed Q
[2025-04-23T02:53:30Z [37mINFO[0m case100] Key event changed
[2025-04-23T02:53:30Z [37mINFO[0m case100::sdlcore] Key released Q
[2025-04-23T02:53:30Z [37mINFO[0m case100] Key event changed
[2025-04-23T02:53:30Z [37mINFO[0m case100::sdlcore] Key pressed Q
[2025-04-23T02:53:30Z [37mINFO[0m case100] Key event changed
[2025-04-23T02:53:30Z [37mINFO[0m case100::sdlcore] Key released Q
[2025-04-23T02:53:30Z [37mINFO[0m case100] Key event changed
[2025-04-23T02:53:30Z [37mINFO[0m case100::sdlcore] Key pressed Q
[2025-04-23T02:53:30Z [37mINFO[0m case100] Key event changed
[2025-04-23T02:53:30Z [37mINFO[0m case100::sdlcore] Key released Q
[2025-04-23T02:53:30Z [37mINFO[0m case100] Key event changed
[2025-04-23T02:53:30Z [37mINFO[0m case100::sdlcore] Key pressed Q
[2025-04-23T02:53:30Z [37mINFO[0m case100] Key event changed
[2025-04-23T02:53:30Z [37mINFO[0m case100::sdlcore] Key released Q
[2025-04-23T02:53:30Z [37mINFO[0m case100] Key event changed
[2025-04-23T02:53:30Z [37mINFO[0m case100::sdlcore] Key pressed Q
[2025-04-23T02:53:30Z [37mINFO[0m case100] Key event changed
[2025-04-23T02:53:30Z [37mINFO[0m case100::sdlcore] Key released Q
[2025-04-23T02:53:30Z [37mINFO[0m case100] Key event changed
[2025-04-23T02:53:30Z [37mINFO[0m case100::sdlcore] Key pressed Q
[2025-04-23T02:53:30Z [37mINFO[0m case100] Key event changed
[2025-04-23T02:53:30Z [37mINFO[0m case100::sdlcore] Key released Q
[2025-04-23T02:53:30Z [37mINFO[0m case100] Key event changed
[2025-04-23T02:53:30Z [37mINFO[0m case100::sdlcore] Key pressed Q
[2025-04-23T02:53:30Z [37mINFO[0m case100] Key event changed
[2025-04-23T02:53:30Z [37mINFO[0m case100::sdlcore] Key released Q
[2025-04-23T02:53:30Z [37mINFO[0m case100] Key event changed
[2025-04-23T02:53:31Z [37mINFO[0m case100::sdlcore] Key pressed Q
[2025-04-23T02:53:31Z [37mINFO[0m case100] Key event changed
[2025-04-23T02:53:31Z [37mINFO[0m case100::sdlcore] Key released Q
[2025-04-23T02:53:31Z [37mINFO[0m case100] Key event changed
[2025-04-23T02:53:35Z [37mINFO[0m case100::sdlcore] Key pressed Q
[2025-04-23T02:53:35Z [37mINFO[0m case100::sdlcore] Key pressed W
[2025-04-23T02:53:35Z [37mINFO[0m case100] Key event changed
[2025-04-23T02:53:35Z [37mINFO[0m case100::sdlcore] Key released Q
[2025-04-23T02:53:35Z [37mINFO[0m case100::sdlcore] Key released W
[2025-04-23T02:53:35Z [37mINFO[0m case100] Key event changed
[2025-04-23T02:53:35Z [37mINFO[0m case100::sdlcore] Key pressed Q
[2025-04-23T02:53:35Z [37mINFO[0m case100] Key event changed
[2025-04-23T02:53:35Z [37mINFO[0m case100::sdlcore] Key released Q
[2025-04-23T02:53:35Z [37mINFO[0m case100] Key event changed
[2025-04-23T02:53:36Z [37mINFO[0m case100] Acquiring guard for death
[2025-04-23T02:53:36Z [37mINFO[0m case100::devices::kbd] kbd received notification
[2025-04-23T02:53:36Z [37mINFO[0m case100] Death guard acquired
[2025-04-23T02:53:36Z [37mINFO[0m case100::devices::kbd] kbd awaiting notification
[2025-04-23T03:01:53Z [37mINFO[0m case100] Logging harness setup
[2025-04-23T03:01:53Z [37mINFO[0m case100::devices] Device array contents: {2147483667: 0, 2147483664: 0, 2147483666: 0, 2147483665: 0}
[2025-04-23T03:01:53Z [37mINFO[0m case100::devices] Device array contents: {2147483652: 1, 2147483667: 0, 2147483664: 0, 2147483666: 0, 2147483665: 0, 2147483651: 1}
[2025-04-23T03:01:53Z [37mINFO[0m case100::devices::kbd] kbd awaiting notification
[2025-04-23T03:01:53Z [37mINFO[0m case100::devices] Device array contents: {2147483748: 2, 2147483652: 1, 2147483664: 0, 2147483666: 0, 2147483651: 1, 2147483746: 2, 2147483749: 2, 2147483750: 2, 2147483667: 0, 2147483745: 2, 2147483665: 0, 2147483744: 2, 2147483747: 2}
[2025-04-23T03:01:53Z [37mINFO[0m case100::devices] Device array contents: {2147483680: 3, 2147483682: 3, 2147483666: 0, 2147483749: 2, 2147483745: 2, 2147483665: 0, 2147483652: 1, 2147483664: 0, 2147483651: 1, 2147483746: 2, 2147483750: 2, 2147483681: 3, 2147483667: 0, 2147483744: 2, 2147483748: 2, 2147483747: 2}
[2025-04-23T03:01:53Z [37mINFO[0m case100] tui loop start
[2025-04-23T03:01:53Z [37mINFO[0m case100::sdlcore] Starting SDL process
[2025-04-23T03:01:55Z [37mINFO[0m case100] tui loop start
[2025-04-23T03:01:55Z [37mINFO[0m case100] tui loop start
[2025-04-23T03:01:56Z [37mINFO[0m case100] tui loop start
[2025-04-23T03:01:56Z [37mINFO[0m case100] tui loop start
[2025-04-23T03:01:56Z [37mDEBUG[0m case100] awaiting stoppage of executor
[2025-04-23T03:01:56Z [37mDEBUG[0m case100] executor stopped successfully, lock acquired
[2025-04-23T03:01:56Z [37mINFO[0m case100] tui loop start
[2025-04-23T03:01:57Z [37mINFO[0m case100] tui loop start
[2025-04-23T03:01:57Z [37mINFO[0m case100::devices::vga] Sending draw command
[2025-04-23T03:01:57Z [37mINFO[0m case100::sdlcore] Received draw command 0 0 -- 639 479 (16777215)
[2025-04-23T03:01:58Z [37mINFO[0m case100::sdlcore] Key pressed Q
[2025-04-23T03:01:58Z [37mINFO[0m case100] Key event changed
[2025-04-23T03:01:58Z [37mINFO[0m case100::sdlcore] Key released Q
[2025-04-23T03:01:58Z [37mINFO[0m case100] Key event changed
[2025-04-23T03:01:58Z [37mINFO[0m case100::sdlcore] Key pressed Q
[2025-04-23T03:01:58Z [37mINFO[0m case100] Key event changed
[2025-04-23T03:01:59Z [37mINFO[0m case100::sdlcore] Key released Q
[2025-04-23T03:01:59Z [37mINFO[0m case100] Key event changed
[2025-04-23T03:02:00Z [37mINFO[0m case100] tui loop start
[2025-04-23T03:02:00Z [37mINFO[0m case100::devices::kbd] kbd received notification
[2025-04-23T03:02:00Z [37mINFO[0m case100::devices::kbd] kbd awaiting notification
[2025-04-23T03:02:00Z [37mINFO[0m case100] Acquiring guard for death
[2025-04-23T03:02:00Z [37mINFO[0m case100] Death guard acquired
[2025-04-23T03:13:07Z [37mINFO[0m case100] Logging harness setup
[2025-04-23T03:13:07Z [37mINFO[0m case100::devices] Device array contents: {2147483665: 0, 2147483666: 0, 2147483667: 0, 2147483664: 0}
[2025-04-23T03:13:07Z [37mINFO[0m case100::devices] Device array contents: {2147483665: 0, 2147483666: 0, 2147483667: 0, 2147483651: 1, 2147483652: 1, 2147483664: 0}
[2025-04-23T03:13:07Z [37mINFO[0m case100::devices] Device array contents: {2147483667: 0, 2147483666: 0, 2147483746: 2, 2147483651: 1, 2147483747: 2, 2147483748: 2, 2147483750: 2, 2147483749: 2, 2147483665: 0, 2147483652: 1, 2147483745: 2, 2147483744: 2, 2147483664: 0}
[2025-04-23T03:13:07Z [37mINFO[0m case100::devices] Device array contents: {2147483666: 0, 2147483746: 2, 2147483747: 2, 2147483682: 3, 2147483749: 2, 2147483665: 0, 2147483652: 1, 2147483745: 2, 2147483680: 3, 2147483744: 2, 2147483667: 0, 2147483748: 2, 2147483651: 1, 2147483750: 2, 2147483681: 3, 2147483664: 0}
[2025-04-23T03:13:07Z [37mINFO[0m case100::devices::kbd] kbd awaiting notification
[2025-04-23T03:13:07Z [37mINFO[0m case100] tui loop start
[2025-04-23T03:13:07Z [37mINFO[0m case100::sdlcore] Starting SDL process
[2025-04-23T03:13:10Z [37mINFO[0m case100] tui loop start
[2025-04-23T03:13:10Z [37mINFO[0m case100] tui loop start
[2025-04-23T03:13:10Z [37mINFO[0m case100] tui loop start
[2025-04-23T03:13:11Z [37mINFO[0m case100] tui loop start
[2025-04-23T03:13:11Z [37mDEBUG[0m case100] awaiting stoppage of executor
[2025-04-23T03:13:11Z [37mDEBUG[0m case100] executor stopped successfully, lock acquired
[2025-04-23T03:13:11Z [37mINFO[0m case100] tui loop start
[2025-04-23T03:13:11Z [37mINFO[0m case100] tui loop start
[2025-04-23T03:13:11Z [37mINFO[0m case100::devices::vga] Sending draw command
[2025-04-23T03:13:11Z [37mINFO[0m case100::sdlcore] Received draw command 0 0 -- 639 479 (16777215)
[2025-04-23T03:13:11Z [37mINFO[0m case100::devices::kbd] kbd received notification
[2025-04-23T03:13:13Z [37mINFO[0m case100::sdlcore] Key pressed Q
[2025-04-23T03:13:13Z [37mINFO[0m case100::devices::kbd] kbd awaiting notification
[2025-04-23T03:13:13Z [37mINFO[0m case100] Key event changed
[2025-04-23T03:13:13Z [33mWARN[0m case100::executor] Step fatal/halted Halted
[2025-04-23T03:13:13Z [33mWARN[0m case100] Received failure report Halted
[2025-04-23T03:13:13Z [37mINFO[0m case100] tui loop start
[2025-04-23T03:13:13Z [37mINFO[0m case100::sdlcore] Key released Q
[2025-04-23T03:13:13Z [37mINFO[0m case100] Key event changed
[2025-04-23T03:13:20Z [37mINFO[0m case100::sdlcore] Key pressed LGui
[2025-04-23T03:13:20Z [37mINFO[0m case100] Key event changed
[2025-04-23T03:13:21Z [37mINFO[0m case100::sdlcore] Key released LGui
[2025-04-23T03:13:21Z [37mINFO[0m case100] Key event changed
[2025-04-23T03:14:12Z [37mINFO[0m case100] Acquiring guard for death
[2025-04-23T03:14:12Z [37mINFO[0m case100] Death guard acquired
[2025-04-23T03:14:21Z [37mINFO[0m case100] Logging harness setup
[2025-04-23T03:14:21Z [37mINFO[0m case100::devices] Device array contents: {2147483665: 0, 2147483667: 0, 2147483664: 0, 2147483666: 0}
[2025-04-23T03:14:21Z [37mINFO[0m case100::devices] Device array contents: {2147483665: 0, 2147483667: 0, 2147483664: 0, 2147483651: 1, 2147483666: 0, 2147483652: 1}
[2025-04-23T03:14:21Z [37mINFO[0m case100::devices] Device array contents: {2147483748: 2, 2147483750: 2, 2147483664: 0, 2147483744: 2, 2147483666: 0, 2147483652: 1, 2147483745: 2, 2147483665: 0, 2147483746: 2, 2147483667: 0, 2147483651: 1, 2147483749: 2, 2147483747: 2}
[2025-04-23T03:14:21Z [37mINFO[0m case100::devices::kbd] kbd awaiting notification
[2025-04-23T03:14:21Z [37mINFO[0m case100::devices] Device array contents: {2147483748: 2, 2147483747: 2, 2147483664: 0, 2147483745: 2, 2147483652: 1, 2147483681: 3, 2147483665: 0, 2147483667: 0, 2147483680: 3, 2147483744: 2, 2147483666: 0, 2147483746: 2, 2147483682: 3, 2147483651: 1, 2147483749: 2, 2147483750: 2}
[2025-04-23T03:14:21Z [37mINFO[0m case100] tui loop start
[2025-04-23T03:14:21Z [37mINFO[0m case100::sdlcore] Starting SDL process
[2025-04-23T03:14:23Z [37mINFO[0m case100] tui loop start
[2025-04-23T03:14:23Z [37mINFO[0m case100] tui loop start
[2025-04-23T03:14:23Z [37mINFO[0m case100] tui loop start
[2025-04-23T03:14:24Z [37mINFO[0m case100] tui loop start
[2025-04-23T03:14:24Z [37mDEBUG[0m case100] awaiting stoppage of executor
[2025-04-23T03:14:24Z [37mDEBUG[0m case100] executor stopped successfully, lock acquired
[2025-04-23T03:14:24Z [37mINFO[0m case100] tui loop start
[2025-04-23T03:14:24Z [37mINFO[0m case100] tui loop start
[2025-04-23T03:14:24Z [37mINFO[0m case100::devices::vga] Sending draw command
[2025-04-23T03:14:24Z [37mINFO[0m case100::sdlcore] Received draw command 0 0 -- 639 479 (16777215)
[2025-04-23T03:14:24Z [37mINFO[0m case100::devices::kbd] kbd received notification
[2025-04-23T03:14:26Z [37mINFO[0m case100::sdlcore] Key pressed 113
[2025-04-23T03:14:26Z [37mINFO[0m case100] Key event changed
[2025-04-23T03:14:26Z [37mINFO[0m case100::devices::kbd] kbd awaiting notification
[2025-04-23T03:14:26Z [33mWARN[0m case100::executor] Step fatal/halted Halted
[2025-04-23T03:14:26Z [33mWARN[0m case100] Received failure report Halted
[2025-04-23T03:14:26Z [37mINFO[0m case100] tui loop start
[2025-04-23T03:14:26Z [37mINFO[0m case100::sdlcore] Key released Q
[2025-04-23T03:14:26Z [37mINFO[0m case100] Key event changed
[2025-04-23T03:14:29Z [37mINFO[0m case100] Acquiring guard for death
[2025-04-23T03:14:29Z [37mINFO[0m case100] Death guard acquired
[2025-04-23T03:14:39Z [37mINFO[0m case100] Logging harness setup
[2025-04-23T03:14:39Z [37mINFO[0m case100::devices] Device array contents: {2147483666: 0, 2147483667: 0, 2147483664: 0, 2147483665: 0}
[2025-04-23T03:14:39Z [37mINFO[0m case100::devices] Device array contents: {2147483666: 0, 2147483651: 1, 2147483652: 1, 2147483667: 0, 2147483664: 0, 2147483665: 0}
[2025-04-23T03:14:39Z [37mINFO[0m case100::devices] Device array contents: {2147483749: 2, 2147483750: 2, 2147483652: 1, 2147483746: 2, 2147483666: 0, 2147483651: 1, 2147483664: 0, 2147483744: 2, 2147483745: 2, 2147483667: 0, 2147483748: 2, 2147483747: 2, 2147483665: 0}
[2025-04-23T03:14:39Z [37mINFO[0m case100::devices] Device array contents: {2147483652: 1, 2147483666: 0, 2147483651: 1, 2147483664: 0, 2147483680: 3, 2147483681: 3, 2147483682: 3, 2147483667: 0, 2147483748: 2, 2147483665: 0, 2147483750: 2, 2147483746: 2, 2147483744: 2, 2147483745: 2, 2147483749: 2, 2147483747: 2}
[2025-04-23T03:14:39Z [37mINFO[0m case100::devices::kbd] kbd awaiting notification
[2025-04-23T03:14:39Z [37mINFO[0m case100] tui loop start
[2025-04-23T03:14:39Z [37mINFO[0m case100::sdlcore] Starting SDL process
[2025-04-23T03:14:41Z [37mINFO[0m case100] tui loop start
[2025-04-23T03:14:41Z [37mINFO[0m case100] tui loop start
[2025-04-23T03:14:41Z [37mINFO[0m case100] tui loop start
[2025-04-23T03:14:42Z [37mINFO[0m case100] tui loop start
[2025-04-23T03:14:42Z [37mDEBUG[0m case100] awaiting stoppage of executor
[2025-04-23T03:14:42Z [37mDEBUG[0m case100] executor stopped successfully, lock acquired
[2025-04-23T03:14:42Z [37mINFO[0m case100] tui loop start
[2025-04-23T03:14:42Z [37mINFO[0m case100] tui loop start
[2025-04-23T03:14:42Z [37mINFO[0m case100::devices::vga] Sending draw command
[2025-04-23T03:14:42Z [37mINFO[0m case100::sdlcore] Received draw command 0 0 -- 639 479 (16777215)
[2025-04-23T03:14:42Z [37mINFO[0m case100::devices::kbd] kbd received notification
[2025-04-23T03:14:43Z [37mINFO[0m case100::sdlcore] Key pressed 113
[2025-04-23T03:14:43Z [37mINFO[0m case100::devices::kbd] kbd awaiting notification
[2025-04-23T03:14:43Z [37mINFO[0m case100] Key event changed
[2025-04-23T03:14:43Z [33mWARN[0m case100::executor] Step fatal/halted Halted
[2025-04-23T03:14:43Z [33mWARN[0m case100] Received failure report Halted
[2025-04-23T03:14:43Z [37mINFO[0m case100] tui loop start
[2025-04-23T03:14:43Z [37mINFO[0m case100::sdlcore] Key released Q
[2025-04-23T03:14:43Z [37mINFO[0m case100] Key event changed
[2025-04-23T03:14:47Z [37mINFO[0m case100] Acquiring guard for death
[2025-04-23T03:14:47Z [37mINFO[0m case100] Death guard acquired
[2025-04-23T03:18:21Z [37mINFO[0m case100] Logging harness setup
[2025-04-23T03:18:21Z [37mINFO[0m case100::devices] Device array contents: {2147483667: 0, 2147483666: 0, 2147483664: 0, 2147483665: 0}
[2025-04-23T03:18:21Z [37mINFO[0m case100::devices] Device array contents: {2147483667: 0, 2147483651: 1, 2147483666: 0, 2147483664: 0, 2147483652: 1, 2147483665: 0}
[2025-04-23T03:18:21Z [37mINFO[0m case100::devices] Device array contents: {2147483665: 0, 2147483747: 2, 2147483746: 2, 2147483652: 1, 2147483748: 2, 2147483749: 2, 2147483750: 2, 2147483651: 1, 2147483666: 0, 2147483664: 0, 2147483744: 2, 2147483745: 2, 2147483667: 0}
[2025-04-23T03:18:21Z [37mINFO[0m case100::devices] Device array contents: {2147483667: 0, 2147483746: 2, 2147483652: 1, 2147483681: 3, 2147483750: 2, 2147483682: 3, 2147483666: 0, 2147483664: 0, 2147483665: 0, 2147483749: 2, 2147483680: 3, 2147483651: 1, 2147483748: 2, 2147483744: 2, 2147483747: 2, 2147483745: 2}
[2025-04-23T03:18:21Z [37mINFO[0m case100::devices::kbd] kbd awaiting notification
[2025-04-23T03:18:21Z [37mINFO[0m case100] tui loop start
[2025-04-23T03:18:21Z [37mINFO[0m case100::sdlcore] Starting SDL process
[2025-04-23T03:18:22Z [37mINFO[0m case100] tui loop start
[2025-04-23T03:18:23Z [37mINFO[0m case100] tui loop start
[2025-04-23T03:18:23Z [37mINFO[0m case100] tui loop start
[2025-04-23T03:18:24Z [37mINFO[0m case100] tui loop start
[2025-04-23T03:18:24Z [37mINFO[0m case100] tui loop start
[2025-04-23T03:18:24Z [33mWARN[0m case100::executor] Step fatal/halted Halted
[2025-04-23T03:18:24Z [33mWARN[0m case100] Received failure report Halted
[2025-04-23T03:18:24Z [37mINFO[0m case100] tui loop start
[2025-04-23T03:18:29Z [37mDEBUG[0m case100] awaiting stoppage of executor
[2025-04-23T03:18:29Z [37mDEBUG[0m case100] executor stopped successfully, lock acquired
[2025-04-23T03:18:29Z [37mINFO[0m case100] tui loop start
[2025-04-23T03:18:30Z [37mINFO[0m case100] tui loop start
[2025-04-23T03:18:30Z [37mINFO[0m case100::devices::vga] Sending draw command
[2025-04-23T03:18:30Z [37mINFO[0m case100::sdlcore] Received draw command 0 0 -- 639 479 (16777215)
[2025-04-23T03:18:30Z [37mINFO[0m case100::devices::kbd] kbd received notification
[2025-04-23T03:18:34Z [37mINFO[0m case100::sdlcore] Key pressed 113
[2025-04-23T03:18:34Z [37mINFO[0m case100] Key event changed
[2025-04-23T03:18:34Z [37mINFO[0m case100::devices::kbd] kbd awaiting notification
[2025-04-23T03:18:34Z [33mWARN[0m case100::executor] Step fatal/halted Halted
[2025-04-23T03:18:34Z [33mWARN[0m case100] Received failure report Halted
[2025-04-23T03:18:34Z [37mINFO[0m case100] tui loop start
[2025-04-23T03:18:34Z [37mINFO[0m case100::sdlcore] Key released Q
[2025-04-23T03:18:34Z [37mINFO[0m case100] Key event changed
[2025-04-23T03:18:48Z [37mINFO[0m case100] Acquiring guard for death
[2025-04-23T03:18:48Z [37mINFO[0m case100] Death guard acquired
[2025-04-23T03:18:54Z [37mINFO[0m case100] Logging harness setup
[2025-04-23T03:18:54Z [37mINFO[0m case100::devices] Device array contents: {2147483664: 0, 2147483666: 0, 2147483665: 0, 2147483667: 0}
[2025-04-23T03:18:54Z [37mINFO[0m case100::devices] Device array contents: {2147483664: 0, 2147483666: 0, 2147483665: 0, 2147483667: 0, 2147483651: 1, 2147483652: 1}
[2025-04-23T03:18:54Z [37mINFO[0m case100::devices] Device array contents: {2147483749: 2, 2147483664: 0, 2147483666: 0, 2147483665: 0, 2147483667: 0, 2147483744: 2, 2147483745: 2, 2147483652: 1, 2147483748: 2, 2147483750: 2, 2147483651: 1, 2147483747: 2, 2147483746: 2}
[2025-04-23T03:18:54Z [37mINFO[0m case100::devices] Device array contents: {2147483664: 0, 2147483666: 0, 2147483665: 0, 2147483667: 0, 2147483744: 2, 2147483745: 2, 2147483652: 1, 2147483748: 2, 2147483680: 3, 2147483682: 3, 2147483749: 2, 2147483750: 2, 2147483651: 1, 2147483681: 3, 2147483747: 2, 2147483746: 2}
[2025-04-23T03:18:54Z [37mINFO[0m case100::devices::kbd] kbd awaiting notification
[2025-04-23T03:18:54Z [37mINFO[0m case100] tui loop start
[2025-04-23T03:18:54Z [37mINFO[0m case100::sdlcore] Starting SDL process
[2025-04-23T03:18:55Z [37mINFO[0m case100] tui loop start
[2025-04-23T03:18:55Z [37mINFO[0m case100] tui loop start
[2025-04-23T03:18:55Z [37mINFO[0m case100] tui loop start
[2025-04-23T03:18:56Z [37mINFO[0m case100] tui loop start
[2025-04-23T03:18:56Z [37mDEBUG[0m case100] awaiting stoppage of executor
[2025-04-23T03:18:56Z [37mDEBUG[0m case100] executor stopped successfully, lock acquired
[2025-04-23T03:18:56Z [37mINFO[0m case100] tui loop start
[2025-04-23T03:18:57Z [37mINFO[0m case100] tui loop start
[2025-04-23T03:18:57Z [37mINFO[0m case100::devices::vga] Sending draw command
[2025-04-23T03:18:57Z [37mINFO[0m case100::sdlcore] Received draw command 0 0 -- 639 479 (16777215)
[2025-04-23T03:18:57Z [37mINFO[0m case100::devices::kbd] kbd received notification
[2025-04-23T03:18:58Z [37mINFO[0m case100::sdlcore] Key pressed 113
[2025-04-23T03:18:58Z [37mINFO[0m case100] Key event changed
[2025-04-23T03:18:58Z [37mINFO[0m case100::devices::kbd] kbd awaiting notification
[2025-04-23T03:18:58Z [33mWARN[0m case100::executor] Step fatal/halted Halted
[2025-04-23T03:18:58Z [33mWARN[0m case100] Received failure report Halted
[2025-04-23T03:18:58Z [37mINFO[0m case100] tui loop start
[2025-04-23T03:18:58Z [37mINFO[0m case100::sdlcore] Key released Q
[2025-04-23T03:18:58Z [37mINFO[0m case100] Key event changed
[2025-04-23T03:19:04Z [37mINFO[0m case100] Acquiring guard for death
[2025-04-23T03:19:04Z [37mINFO[0m case100] Death guard acquired
[2025-04-23T03:19:07Z [37mINFO[0m case100] Logging harness setup
[2025-04-23T03:19:07Z [37mINFO[0m case100::devices] Device array contents: {2147483665: 0, 2147483666: 0, 2147483664: 0, 2147483667: 0}
[2025-04-23T03:19:07Z [37mINFO[0m case100::devices] Device array contents: {2147483665: 0, 2147483652: 1, 2147483666: 0, 2147483651: 1, 2147483664: 0, 2147483667: 0}
[2025-04-23T03:19:07Z [37mINFO[0m case100::devices] Device array contents: {2147483652: 1, 2147483746: 2, 2147483666: 0, 2147483744: 2, 2147483651: 1, 2147483667: 0, 2147483748: 2, 2147483749: 2, 2147483665: 0, 2147483745: 2, 2147483750: 2, 2147483747: 2, 2147483664: 0}
[2025-04-23T03:19:07Z [37mINFO[0m case100::devices] Device array contents: {2147483666: 0, 2147483651: 1, 2147483667: 0, 2147483665: 0, 2147483745: 2, 2147483664: 0, 2147483652: 1, 2147483746: 2, 2147483744: 2, 2147483748: 2, 2147483749: 2, 2147483681: 3, 2147483750: 2, 2147483682: 3, 2147483747: 2, 2147483680: 3}
[2025-04-23T03:19:07Z [37mINFO[0m case100::devices::kbd] kbd awaiting notification
[2025-04-23T03:19:07Z [37mINFO[0m case100] tui loop start
[2025-04-23T03:19:07Z [37mINFO[0m case100::sdlcore] Starting SDL process
[2025-04-23T03:19:09Z [37mINFO[0m case100] tui loop start
[2025-04-23T03:19:09Z [37mINFO[0m case100] tui loop start
[2025-04-23T03:19:09Z [37mINFO[0m case100] tui loop start
[2025-04-23T03:19:10Z [37mINFO[0m case100] tui loop start
[2025-04-23T03:19:10Z [37mDEBUG[0m case100] awaiting stoppage of executor
[2025-04-23T03:19:10Z [37mDEBUG[0m case100] executor stopped successfully, lock acquired
[2025-04-23T03:19:10Z [37mINFO[0m case100] tui loop start
[2025-04-23T03:19:10Z [37mINFO[0m case100] tui loop start
[2025-04-23T03:19:10Z [37mINFO[0m case100::devices::vga] Sending draw command
[2025-04-23T03:19:10Z [37mINFO[0m case100::sdlcore] Received draw command 0 0 -- 639 479 (16777215)
[2025-04-23T03:19:10Z [37mINFO[0m case100::devices::kbd] kbd received notification
[2025-04-23T03:19:11Z [37mINFO[0m case100] tui loop start
[2025-04-23T03:19:12Z [37mINFO[0m case100] tui loop start
[2025-04-23T03:19:12Z [37mINFO[0m case100::sdlcore] Key pressed 113
[2025-04-23T03:19:12Z [37mINFO[0m case100::devices::kbd] kbd awaiting notification
[2025-04-23T03:19:12Z [37mINFO[0m case100] Key event changed
[2025-04-23T03:19:12Z [33mWARN[0m case100::executor] Step fatal/halted Halted
[2025-04-23T03:19:12Z [33mWARN[0m case100] Received failure report Halted
[2025-04-23T03:19:12Z [37mINFO[0m case100] tui loop start
[2025-04-23T03:19:12Z [37mINFO[0m case100::sdlcore] Key released Q
[2025-04-23T03:19:12Z [37mINFO[0m case100] Key event changed
[2025-04-23T03:19:14Z [37mINFO[0m case100] Acquiring guard for death
[2025-04-23T03:19:14Z [37mINFO[0m case100] Death guard acquired
